[23-Apr-2020 12:28:14 UTC] PHP Parse error:  syntax error, unexpected 'get_template_directory_uri' (T_STRING), expecting ')' in C:\xampp\htdocs\project\wordpress\Gym-Fitness\wp-content\themes\gym-fitness\functions.php on line 8
[23-Apr-2020 12:28:14 UTC] PHP Notice:  Trying to access array offset on value of type bool in C:\xampp\htdocs\project\wordpress\Gym-Fitness\wp-includes\class-wp-recovery-mode-email-service.php on line 339
[23-Apr-2020 12:28:14 UTC] PHP Notice:  Trying to access array offset on value of type bool in C:\xampp\htdocs\project\wordpress\Gym-Fitness\wp-includes\class-wp-recovery-mode-email-service.php on line 340
[23-Apr-2020 12:30:15 UTC] PHP Parse error:  syntax error, unexpected 'get_template_directory_uri' (T_STRING), expecting ')' in C:\xampp\htdocs\project\wordpress\Gym-Fitness\wp-content\themes\gym-fitness\functions.php on line 8
[23-Apr-2020 12:31:19 UTC] PHP Parse error:  syntax error, unexpected 'get_template_directory_uri' (T_STRING), expecting ')' in C:\xampp\htdocs\project\wordpress\Gym-Fitness\wp-content\themes\gym-fitness\functions.php on line 8
[23-Apr-2020 12:31:28 UTC] PHP Parse error:  syntax error, unexpected 'get_template_directory_uri' (T_STRING), expecting ')' in C:\xampp\htdocs\project\wordpress\Gym-Fitness\wp-content\themes\gym-fitness\functions.php on line 8
[29-Apr-2020 05:57:46 UTC] PHP Notice:  Trying to access array offset on value of type int in C:\xampp\htdocs\project\wordpress\Gym-Fitness\wp-admin\includes\class-wp-site-health.php on line 2303
[29-Apr-2020 05:57:46 UTC] PHP Notice:  Trying to access array offset on value of type int in C:\xampp\htdocs\project\wordpress\Gym-Fitness\wp-admin\includes\class-wp-site-health.php on line 2305
[29-Apr-2020 05:57:46 UTC] PHP Notice:  Trying to access array offset on value of type int in C:\xampp\htdocs\project\wordpress\Gym-Fitness\wp-admin\includes\class-wp-site-health.php on line 2303
[29-Apr-2020 05:57:46 UTC] PHP Notice:  Trying to access array offset on value of type int in C:\xampp\htdocs\project\wordpress\Gym-Fitness\wp-admin\includes\class-wp-site-health.php on line 2305
[29-Apr-2020 05:57:46 UTC] PHP Notice:  Trying to access array offset on value of type int in C:\xampp\htdocs\project\wordpress\Gym-Fitness\wp-admin\includes\class-wp-site-health.php on line 2303
[29-Apr-2020 05:57:46 UTC] PHP Notice:  Trying to access array offset on value of type int in C:\xampp\htdocs\project\wordpress\Gym-Fitness\wp-admin\includes\class-wp-site-health.php on line 2305
[30-Apr-2020 11:11:40 UTC] PHP Notice:  Undefined index: after_widget in C:\xampp\htdocs\project\wordpress\Gym-Fitness\wp-content\plugins\gymfitness_widgets\gymfitness_widgets.php on line 58
[30-Apr-2020 11:13:09 UTC] PHP Notice:  Undefined index: after_widget in C:\xampp\htdocs\project\wordpress\Gym-Fitness\wp-content\plugins\gymfitness_widgets\gymfitness_widgets.php on line 58
[30-Apr-2020 11:14:46 UTC] PHP Notice:  Undefined index: after_widget in C:\xampp\htdocs\project\wordpress\Gym-Fitness\wp-content\plugins\gymfitness_widgets\gymfitness_widgets.php on line 58
[30-Apr-2020 11:15:13 UTC] PHP Notice:  Undefined index: after_widget in C:\xampp\htdocs\project\wordpress\Gym-Fitness\wp-content\plugins\gymfitness_widgets\gymfitness_widgets.php on line 58
[30-Apr-2020 11:16:30 UTC] PHP Notice:  Undefined index: after_widget in C:\xampp\htdocs\project\wordpress\Gym-Fitness\wp-content\plugins\gymfitness_widgets\gymfitness_widgets.php on line 58
[30-Apr-2020 11:48:36 UTC] PHP Notice:  Undefined variable: quantity in C:\xampp\htdocs\project\wordpress\Gym-Fitness\wp-content\plugins\gymfitness_widgets\gymfitness_widgets.php on line 80
[30-Apr-2020 11:48:36 UTC] PHP Notice:  Undefined variable: quantity in C:\xampp\htdocs\project\wordpress\Gym-Fitness\wp-content\plugins\gymfitness_widgets\gymfitness_widgets.php on line 80
[30-Apr-2020 11:48:49 UTC] PHP Notice:  Undefined variable: quantity in C:\xampp\htdocs\project\wordpress\Gym-Fitness\wp-content\plugins\gymfitness_widgets\gymfitness_widgets.php on line 80
[30-Apr-2020 11:48:50 UTC] PHP Notice:  Undefined variable: quantity in C:\xampp\htdocs\project\wordpress\Gym-Fitness\wp-content\plugins\gymfitness_widgets\gymfitness_widgets.php on line 80
[30-Apr-2020 12:02:21 UTC] PHP Parse error:  syntax error, unexpected 'echo' (T_ECHO) in C:\xampp\htdocs\project\wordpress\Gym-Fitness\wp-content\plugins\gymfitness_widgets\gymfitness_widgets.php on line 42
[01-May-2020 06:53:20 UTC] PHP Fatal error:  Uncaught ArgumentCountError: Too few arguments to function get_option(), 0 passed in C:\xampp\htdocs\project\wordpress\Gym-Fitness\wp-content\themes\gym-fitness\index.php on line 31 and at least 1 expected in C:\xampp\htdocs\project\wordpress\Gym-Fitness\wp-includes\option.php:30
Stack trace:
#0 C:\xampp\htdocs\project\wordpress\Gym-Fitness\wp-content\themes\gym-fitness\index.php(31): get_option()
#1 C:\xampp\htdocs\project\wordpress\Gym-Fitness\wp-includes\template-loader.php(106): include('C:\\xampp\\htdocs...')
#2 C:\xampp\htdocs\project\wordpress\Gym-Fitness\wp-blog-header.php(19): require_once('C:\\xampp\\htdocs...')
#3 C:\xampp\htdocs\project\wordpress\Gym-Fitness\index.php(17): require('C:\\xampp\\htdocs...')
#4 {main}
  thrown in C:\xampp\htdocs\project\wordpress\Gym-Fitness\wp-includes\option.php on line 30
[01-May-2020 06:53:28 UTC] PHP Fatal error:  Uncaught Error: Call to undefined function get_options() in C:\xampp\htdocs\project\wordpress\Gym-Fitness\wp-content\themes\gym-fitness\index.php:31
Stack trace:
#0 C:\xampp\htdocs\project\wordpress\Gym-Fitness\wp-includes\template-loader.php(106): include()
#1 C:\xampp\htdocs\project\wordpress\Gym-Fitness\wp-blog-header.php(19): require_once('C:\\xampp\\htdocs...')
#2 C:\xampp\htdocs\project\wordpress\Gym-Fitness\index.php(17): require('C:\\xampp\\htdocs...')
#3 {main}
  thrown in C:\xampp\htdocs\project\wordpress\Gym-Fitness\wp-content\themes\gym-fitness\index.php on line 31
[01-May-2020 06:54:26 UTC] PHP Fatal error:  Uncaught Error: Call to undefined function get_options() in C:\xampp\htdocs\project\wordpress\Gym-Fitness\wp-content\themes\gym-fitness\index.php:31
Stack trace:
#0 C:\xampp\htdocs\project\wordpress\Gym-Fitness\wp-includes\template-loader.php(106): include()
#1 C:\xampp\htdocs\project\wordpress\Gym-Fitness\wp-blog-header.php(19): require_once('C:\\xampp\\htdocs...')
#2 C:\xampp\htdocs\project\wordpress\Gym-Fitness\index.php(17): require('C:\\xampp\\htdocs...')
#3 {main}
  thrown in C:\xampp\htdocs\project\wordpress\Gym-Fitness\wp-content\themes\gym-fitness\index.php on line 31
[01-May-2020 12:07:47 UTC] PHP Warning:  Use of undefined constant all - assumed 'all' (this will throw an Error in a future version of PHP) in C:\xampp\htdocs\project\wordpress\Gym-Fitness\wp-content\plugins\gymfitness_location\gymfitness_location.php on line 15
[01-May-2020 12:13:55 UTC] PHP Notice:  Trying to access array offset on value of type int in C:\xampp\htdocs\project\wordpress\Gym-Fitness\wp-admin\includes\class-wp-site-health.php on line 2303
[01-May-2020 12:13:55 UTC] PHP Notice:  Trying to access array offset on value of type int in C:\xampp\htdocs\project\wordpress\Gym-Fitness\wp-admin\includes\class-wp-site-health.php on line 2305
[01-May-2020 12:13:55 UTC] PHP Notice:  Trying to access array offset on value of type int in C:\xampp\htdocs\project\wordpress\Gym-Fitness\wp-admin\includes\class-wp-site-health.php on line 2303
[01-May-2020 12:13:55 UTC] PHP Notice:  Trying to access array offset on value of type int in C:\xampp\htdocs\project\wordpress\Gym-Fitness\wp-admin\includes\class-wp-site-health.php on line 2305
[01-May-2020 12:13:55 UTC] PHP Notice:  Trying to access array offset on value of type int in C:\xampp\htdocs\project\wordpress\Gym-Fitness\wp-admin\includes\class-wp-site-health.php on line 2303
[01-May-2020 12:13:55 UTC] PHP Notice:  Trying to access array offset on value of type int in C:\xampp\htdocs\project\wordpress\Gym-Fitness\wp-admin\includes\class-wp-site-health.php on line 2305
[04-May-2020 05:50:31 UTC] PHP Notice:  Undefined index: area_name in C:\xampp\htdocs\project\wordpress\Gym-Fitness\wp-content\themes\gym-fitness\front-page.php on line 26
[04-May-2020 05:51:24 UTC] PHP Notice:  Undefined index: area_name in C:\xampp\htdocs\project\wordpress\Gym-Fitness\wp-content\themes\gym-fitness\front-page.php on line 27
[04-May-2020 06:20:31 UTC] PHP Fatal error:  Uncaught ArgumentCountError: Too few arguments to function gymfitness_classes_list(), 0 passed in C:\xampp\htdocs\project\wordpress\Gym-Fitness\wp-content\themes\gym-fitness\page-classes.php on line 5 and exactly 1 expected in C:\xampp\htdocs\project\wordpress\Gym-Fitness\wp-content\themes\gym-fitness\inc\queries.php:3
Stack trace:
#0 C:\xampp\htdocs\project\wordpress\Gym-Fitness\wp-content\themes\gym-fitness\page-classes.php(5): gymfitness_classes_list()
#1 C:\xampp\htdocs\project\wordpress\Gym-Fitness\wp-includes\template-loader.php(106): include('C:\\xampp\\htdocs...')
#2 C:\xampp\htdocs\project\wordpress\Gym-Fitness\wp-blog-header.php(19): require_once('C:\\xampp\\htdocs...')
#3 C:\xampp\htdocs\project\wordpress\Gym-Fitness\index.php(17): require('C:\\xampp\\htdocs...')
#4 {main}
  thrown in C:\xampp\htdocs\project\wordpress\Gym-Fitness\wp-content\themes\gym-fitness\inc\queries.php on line 3
[04-May-2020 13:16:05 UTC] PHP Warning:  An unexpected error occurred. Something may be wrong with WordPress.org or this server&#8217;s configuration. If you continue to have problems, please try the <a href="https://wordpress.org/support/forums/">support forums</a>. (WordPress could not establish a secure connection to WordPress.org. Please contact your server administrator.) in C:\xampp\htdocs\project\wordpress\Gym-Fitness\wp-includes\update.php on line 578
[12-May-2020 11:21:52 UTC] PHP Notice:  Trying to access array offset on value of type int in C:\xampp\htdocs\project\wordpress\Gym-Fitness\wp-admin\includes\class-wp-site-health.php on line 2303
[12-May-2020 11:21:52 UTC] PHP Notice:  Trying to access array offset on value of type int in C:\xampp\htdocs\project\wordpress\Gym-Fitness\wp-admin\includes\class-wp-site-health.php on line 2305
[12-May-2020 11:21:52 UTC] PHP Notice:  Trying to access array offset on value of type int in C:\xampp\htdocs\project\wordpress\Gym-Fitness\wp-admin\includes\class-wp-site-health.php on line 2303
[12-May-2020 11:21:52 UTC] PHP Notice:  Trying to access array offset on value of type int in C:\xampp\htdocs\project\wordpress\Gym-Fitness\wp-admin\includes\class-wp-site-health.php on line 2305
[12-May-2020 11:21:52 UTC] PHP Notice:  Trying to access array offset on value of type int in C:\xampp\htdocs\project\wordpress\Gym-Fitness\wp-admin\includes\class-wp-site-health.php on line 2303
[12-May-2020 11:21:52 UTC] PHP Notice:  Trying to access array offset on value of type int in C:\xampp\htdocs\project\wordpress\Gym-Fitness\wp-admin\includes\class-wp-site-health.php on line 2305
[23-Jun-2020 13:39:29 UTC] PHP Warning:  mysqli_real_connect(): (HY000/2002): No connection could be made because the target machine actively refused it.
 in C:\xampp\htdocs\project\wordpress\Gym-Fitness\wp-includes\wp-db.php on line 1626
[23-Jun-2020 13:39:55 UTC] PHP Warning:  mysqli_real_connect(): Error while reading greeting packet. PID=21112 in C:\xampp\htdocs\project\wordpress\Gym-Fitness\wp-includes\wp-db.php on line 1626
[23-Jun-2020 13:39:55 UTC] PHP Warning:  mysqli_real_connect(): (HY000/2006): MySQL server has gone away in C:\xampp\htdocs\project\wordpress\Gym-Fitness\wp-includes\wp-db.php on line 1626
[23-Jun-2020 14:11:15 UTC] PHP Warning:  mysqli_real_connect(): (HY000/2002): No connection could be made because the target machine actively refused it.
 in C:\xampp\htdocs\project\wordpress\Gym-Fitness\wp-includes\wp-db.php on line 1626
[24-Jul-2020 10:54:57 UTC] PHP Fatal error:  Uncaught Error: Call to undefined function get_field() in C:\xampp\htdocs\project\wordpress\Gym-Fitness\wp-content\themes\gym-fitness\functions.php:87
Stack trace:
#0 C:\xampp\htdocs\project\wordpress\Gym-Fitness\wp-includes\class-wp-hook.php(287): gymfitnesss_hero_image('')
#1 C:\xampp\htdocs\project\wordpress\Gym-Fitness\wp-includes\class-wp-hook.php(311): WP_Hook->apply_filters(NULL, Array)
#2 C:\xampp\htdocs\project\wordpress\Gym-Fitness\wp-includes\plugin.php(478): WP_Hook->do_action(Array)
#3 C:\xampp\htdocs\project\wordpress\Gym-Fitness\wp-settings.php(540): do_action('init')
#4 C:\xampp\htdocs\project\wordpress\Gym-Fitness\wp-config.php(93): require_once('C:\\xampp\\htdocs...')
#5 C:\xampp\htdocs\project\wordpress\Gym-Fitness\wp-load.php(37): require_once('C:\\xampp\\htdocs...')
#6 C:\xampp\htdocs\project\wordpress\Gym-Fitness\wp-admin\admin.php(34): require_once('C:\\xampp\\htdocs...')
#7 C:\xampp\htdocs\project\wordpress\Gym-Fitness\wp-admin\themes.php(10): require_once('C:\\xampp\\htdocs...')
#8 {m in C:\xampp\htdocs\project\wordpress\Gym-Fitness\wp-content\themes\gym-fitness\functions.php on line 87
[24-Jul-2020 10:54:58 UTC] PHP Notice:  Trying to access array offset on value of type bool in C:\xampp\htdocs\project\wordpress\Gym-Fitness\wp-includes\class-wp-recovery-mode-email-service.php on line 339
[24-Jul-2020 10:54:58 UTC] PHP Notice:  Trying to access array offset on value of type bool in C:\xampp\htdocs\project\wordpress\Gym-Fitness\wp-includes\class-wp-recovery-mode-email-service.php on line 340
[24-Jul-2020 10:55:19 UTC] PHP Fatal error:  Uncaught Error: Call to undefined function get_field() in C:\xampp\htdocs\project\wordpress\Gym-Fitness\wp-content\themes\gym-fitness\functions.php:87
Stack trace:
#0 C:\xampp\htdocs\project\wordpress\Gym-Fitness\wp-includes\class-wp-hook.php(287): gymfitnesss_hero_image('')
#1 C:\xampp\htdocs\project\wordpress\Gym-Fitness\wp-includes\class-wp-hook.php(311): WP_Hook->apply_filters(NULL, Array)
#2 C:\xampp\htdocs\project\wordpress\Gym-Fitness\wp-includes\plugin.php(478): WP_Hook->do_action(Array)
#3 C:\xampp\htdocs\project\wordpress\Gym-Fitness\wp-settings.php(540): do_action('init')
#4 C:\xampp\htdocs\project\wordpress\Gym-Fitness\wp-config.php(93): require_once('C:\\xampp\\htdocs...')
#5 C:\xampp\htdocs\project\wordpress\Gym-Fitness\wp-load.php(37): require_once('C:\\xampp\\htdocs...')
#6 C:\xampp\htdocs\project\wordpress\Gym-Fitness\wp-admin\admin.php(34): require_once('C:\\xampp\\htdocs...')
#7 C:\xampp\htdocs\project\wordpress\Gym-Fitness\wp-admin\index.php(10): require_once('C:\\xampp\\htdocs...')
#8 {ma in C:\xampp\htdocs\project\wordpress\Gym-Fitness\wp-content\themes\gym-fitness\functions.php on line 87
[24-Jul-2020 10:59:53 UTC] PHP Notice:  Trying to access array offset on value of type null in C:\xampp\htdocs\project\wordpress\Gym-Fitness\wp-content\themes\gym-fitness\functions.php on line 88
[24-Jul-2020 10:59:58 UTC] PHP Notice:  Trying to access array offset on value of type null in C:\xampp\htdocs\project\wordpress\Gym-Fitness\wp-content\themes\gym-fitness\functions.php on line 88
[24-Jul-2020 11:01:06 UTC] PHP Notice:  Trying to access array offset on value of type null in C:\xampp\htdocs\project\wordpress\Gym-Fitness\wp-content\themes\gym-fitness\front-page.php on line 15
[24-Jul-2020 11:01:06 UTC] PHP Notice:  Trying to access array offset on value of type bool in C:\xampp\htdocs\project\wordpress\Gym-Fitness\wp-content\themes\gym-fitness\front-page.php on line 15
[24-Jul-2020 11:01:06 UTC] PHP Notice:  Trying to access array offset on value of type null in C:\xampp\htdocs\project\wordpress\Gym-Fitness\wp-content\themes\gym-fitness\front-page.php on line 18
[24-Jul-2020 11:01:06 UTC] PHP Notice:  Trying to access array offset on value of type null in C:\xampp\htdocs\project\wordpress\Gym-Fitness\wp-content\themes\gym-fitness\front-page.php on line 23
[24-Jul-2020 11:01:06 UTC] PHP Notice:  Trying to access array offset on value of type bool in C:\xampp\htdocs\project\wordpress\Gym-Fitness\wp-content\themes\gym-fitness\front-page.php on line 23
[24-Jul-2020 11:01:06 UTC] PHP Notice:  Trying to access array offset on value of type null in C:\xampp\htdocs\project\wordpress\Gym-Fitness\wp-content\themes\gym-fitness\front-page.php on line 26
[24-Jul-2020 11:01:06 UTC] PHP Notice:  Trying to access array offset on value of type null in C:\xampp\htdocs\project\wordpress\Gym-Fitness\wp-content\themes\gym-fitness\front-page.php on line 31
[24-Jul-2020 11:01:06 UTC] PHP Notice:  Trying to access array offset on value of type bool in C:\xampp\htdocs\project\wordpress\Gym-Fitness\wp-content\themes\gym-fitness\front-page.php on line 31
[24-Jul-2020 11:01:06 UTC] PHP Notice:  Trying to access array offset on value of type null in C:\xampp\htdocs\project\wordpress\Gym-Fitness\wp-content\themes\gym-fitness\front-page.php on line 34
[24-Jul-2020 11:01:06 UTC] PHP Notice:  Trying to access array offset on value of type null in C:\xampp\htdocs\project\wordpress\Gym-Fitness\wp-content\themes\gym-fitness\front-page.php on line 39
[24-Jul-2020 11:01:06 UTC] PHP Notice:  Trying to access array offset on value of type bool in C:\xampp\htdocs\project\wordpress\Gym-Fitness\wp-content\themes\gym-fitness\front-page.php on line 39
[24-Jul-2020 11:01:06 UTC] PHP Notice:  Trying to access array offset on value of type null in C:\xampp\htdocs\project\wordpress\Gym-Fitness\wp-content\themes\gym-fitness\front-page.php on line 42
[24-Jul-2020 11:24:49 UTC] PHP Notice:  Trying to access array offset on value of type null in C:\xampp\htdocs\project\wordpress\Gym-Fitness\wp-content\themes\gym-fitness\front-page.php on line 15
[24-Jul-2020 11:24:49 UTC] PHP Notice:  Trying to access array offset on value of type bool in C:\xampp\htdocs\project\wordpress\Gym-Fitness\wp-content\themes\gym-fitness\front-page.php on line 15
[24-Jul-2020 11:24:49 UTC] PHP Notice:  Trying to access array offset on value of type null in C:\xampp\htdocs\project\wordpress\Gym-Fitness\wp-content\themes\gym-fitness\front-page.php on line 18
[24-Jul-2020 11:24:49 UTC] PHP Notice:  Trying to access array offset on value of type null in C:\xampp\htdocs\project\wordpress\Gym-Fitness\wp-content\themes\gym-fitness\front-page.php on line 23
[24-Jul-2020 11:24:49 UTC] PHP Notice:  Trying to access array offset on value of type bool in C:\xampp\htdocs\project\wordpress\Gym-Fitness\wp-content\themes\gym-fitness\front-page.php on line 23
[24-Jul-2020 11:24:49 UTC] PHP Notice:  Trying to access array offset on value of type null in C:\xampp\htdocs\project\wordpress\Gym-Fitness\wp-content\themes\gym-fitness\front-page.php on line 26
[24-Jul-2020 11:24:49 UTC] PHP Notice:  Trying to access array offset on value of type null in C:\xampp\htdocs\project\wordpress\Gym-Fitness\wp-content\themes\gym-fitness\front-page.php on line 31
[24-Jul-2020 11:24:49 UTC] PHP Notice:  Trying to access array offset on value of type bool in C:\xampp\htdocs\project\wordpress\Gym-Fitness\wp-content\themes\gym-fitness\front-page.php on line 31
[24-Jul-2020 11:24:49 UTC] PHP Notice:  Trying to access array offset on value of type null in C:\xampp\htdocs\project\wordpress\Gym-Fitness\wp-content\themes\gym-fitness\front-page.php on line 34
[24-Jul-2020 11:24:49 UTC] PHP Notice:  Trying to access array offset on value of type null in C:\xampp\htdocs\project\wordpress\Gym-Fitness\wp-content\themes\gym-fitness\front-page.php on line 39
[24-Jul-2020 11:24:49 UTC] PHP Notice:  Trying to access array offset on value of type bool in C:\xampp\htdocs\project\wordpress\Gym-Fitness\wp-content\themes\gym-fitness\front-page.php on line 39
[24-Jul-2020 11:24:49 UTC] PHP Notice:  Trying to access array offset on value of type null in C:\xampp\htdocs\project\wordpress\Gym-Fitness\wp-content\themes\gym-fitness\front-page.php on line 42
[24-Jul-2020 12:39:42 UTC] PHP Notice:  Trying to access array offset on value of type null in C:\xampp\htdocs\project\wordpress\Gym-Fitness\wp-content\themes\gym-fitness\front-page.php on line 15
[24-Jul-2020 12:39:42 UTC] PHP Notice:  Trying to access array offset on value of type bool in C:\xampp\htdocs\project\wordpress\Gym-Fitness\wp-content\themes\gym-fitness\front-page.php on line 15
[24-Jul-2020 12:39:42 UTC] PHP Notice:  Trying to access array offset on value of type null in C:\xampp\htdocs\project\wordpress\Gym-Fitness\wp-content\themes\gym-fitness\front-page.php on line 18
[24-Jul-2020 12:39:42 UTC] PHP Notice:  Trying to access array offset on value of type null in C:\xampp\htdocs\project\wordpress\Gym-Fitness\wp-content\themes\gym-fitness\front-page.php on line 23
[24-Jul-2020 12:39:42 UTC] PHP Notice:  Trying to access array offset on value of type bool in C:\xampp\htdocs\project\wordpress\Gym-Fitness\wp-content\themes\gym-fitness\front-page.php on line 23
[24-Jul-2020 12:39:42 UTC] PHP Notice:  Trying to access array offset on value of type null in C:\xampp\htdocs\project\wordpress\Gym-Fitness\wp-content\themes\gym-fitness\front-page.php on line 26
[24-Jul-2020 12:39:42 UTC] PHP Notice:  Trying to access array offset on value of type null in C:\xampp\htdocs\project\wordpress\Gym-Fitness\wp-content\themes\gym-fitness\front-page.php on line 31
[24-Jul-2020 12:39:42 UTC] PHP Notice:  Trying to access array offset on value of type bool in C:\xampp\htdocs\project\wordpress\Gym-Fitness\wp-content\themes\gym-fitness\front-page.php on line 31
[24-Jul-2020 12:39:42 UTC] PHP Notice:  Trying to access array offset on value of type null in C:\xampp\htdocs\project\wordpress\Gym-Fitness\wp-content\themes\gym-fitness\front-page.php on line 34
[24-Jul-2020 12:39:42 UTC] PHP Notice:  Trying to access array offset on value of type null in C:\xampp\htdocs\project\wordpress\Gym-Fitness\wp-content\themes\gym-fitness\front-page.php on line 39
[24-Jul-2020 12:39:42 UTC] PHP Notice:  Trying to access array offset on value of type bool in C:\xampp\htdocs\project\wordpress\Gym-Fitness\wp-content\themes\gym-fitness\front-page.php on line 39
[24-Jul-2020 12:39:42 UTC] PHP Notice:  Trying to access array offset on value of type null in C:\xampp\htdocs\project\wordpress\Gym-Fitness\wp-content\themes\gym-fitness\front-page.php on line 42
[24-Jul-2020 12:43:51 UTC] PHP Warning:  Illegal string offset 'url' in C:\xampp\htdocs\project\wordpress\Gym-Fitness\wp-content\themes\gym-fitness\functions.php on line 88
[24-Jul-2020 12:44:00 UTC] PHP Warning:  Illegal string offset 'url' in C:\xampp\htdocs\project\wordpress\Gym-Fitness\wp-content\themes\gym-fitness\functions.php on line 88
[24-Jul-2020 12:44:16 UTC] PHP Warning:  Illegal string offset 'url' in C:\xampp\htdocs\project\wordpress\Gym-Fitness\wp-content\themes\gym-fitness\functions.php on line 88
[24-Jul-2020 12:44:19 UTC] PHP Warning:  Illegal string offset 'url' in C:\xampp\htdocs\project\wordpress\Gym-Fitness\wp-content\themes\gym-fitness\functions.php on line 88
[24-Jul-2020 12:44:21 UTC] PHP Warning:  Illegal string offset 'url' in C:\xampp\htdocs\project\wordpress\Gym-Fitness\wp-content\themes\gym-fitness\functions.php on line 88
[24-Jul-2020 12:44:38 UTC] PHP Warning:  Illegal string offset 'url' in C:\xampp\htdocs\project\wordpress\Gym-Fitness\wp-content\themes\gym-fitness\functions.php on line 88
[24-Jul-2020 12:44:40 UTC] PHP Warning:  Illegal string offset 'url' in C:\xampp\htdocs\project\wordpress\Gym-Fitness\wp-content\themes\gym-fitness\functions.php on line 88
[24-Jul-2020 12:45:21 UTC] PHP Warning:  Illegal string offset 'url' in C:\xampp\htdocs\project\wordpress\Gym-Fitness\wp-content\themes\gym-fitness\functions.php on line 88
[24-Jul-2020 12:45:41 UTC] PHP Warning:  Illegal string offset 'url' in C:\xampp\htdocs\project\wordpress\Gym-Fitness\wp-content\themes\gym-fitness\functions.php on line 88
[24-Jul-2020 12:45:54 UTC] PHP Warning:  Illegal string offset 'url' in C:\xampp\htdocs\project\wordpress\Gym-Fitness\wp-content\themes\gym-fitness\functions.php on line 88
[24-Jul-2020 12:45:56 UTC] PHP Warning:  Illegal string offset 'url' in C:\xampp\htdocs\project\wordpress\Gym-Fitness\wp-content\themes\gym-fitness\functions.php on line 88
[24-Jul-2020 12:45:59 UTC] PHP Warning:  Illegal string offset 'url' in C:\xampp\htdocs\project\wordpress\Gym-Fitness\wp-content\themes\gym-fitness\functions.php on line 88
[24-Jul-2020 12:46:01 UTC] PHP Warning:  Illegal string offset 'url' in C:\xampp\htdocs\project\wordpress\Gym-Fitness\wp-content\themes\gym-fitness\functions.php on line 88
[24-Jul-2020 12:46:02 UTC] PHP Warning:  Illegal string offset 'url' in C:\xampp\htdocs\project\wordpress\Gym-Fitness\wp-content\themes\gym-fitness\functions.php on line 88
[24-Jul-2020 12:46:02 UTC] PHP Notice:  Trying to access array offset on value of type null in C:\xampp\htdocs\project\wordpress\Gym-Fitness\wp-content\themes\gym-fitness\front-page.php on line 15
[24-Jul-2020 12:46:02 UTC] PHP Notice:  Trying to access array offset on value of type bool in C:\xampp\htdocs\project\wordpress\Gym-Fitness\wp-content\themes\gym-fitness\front-page.php on line 15
[24-Jul-2020 12:46:02 UTC] PHP Notice:  Trying to access array offset on value of type null in C:\xampp\htdocs\project\wordpress\Gym-Fitness\wp-content\themes\gym-fitness\front-page.php on line 18
[24-Jul-2020 12:46:02 UTC] PHP Notice:  Trying to access array offset on value of type null in C:\xampp\htdocs\project\wordpress\Gym-Fitness\wp-content\themes\gym-fitness\front-page.php on line 23
[24-Jul-2020 12:46:02 UTC] PHP Notice:  Trying to access array offset on value of type bool in C:\xampp\htdocs\project\wordpress\Gym-Fitness\wp-content\themes\gym-fitness\front-page.php on line 23
[24-Jul-2020 12:46:02 UTC] PHP Notice:  Trying to access array offset on value of type null in C:\xampp\htdocs\project\wordpress\Gym-Fitness\wp-content\themes\gym-fitness\front-page.php on line 26
[24-Jul-2020 12:46:02 UTC] PHP Notice:  Trying to access array offset on value of type null in C:\xampp\htdocs\project\wordpress\Gym-Fitness\wp-content\themes\gym-fitness\front-page.php on line 31
[24-Jul-2020 12:46:02 UTC] PHP Notice:  Trying to access array offset on value of type bool in C:\xampp\htdocs\project\wordpress\Gym-Fitness\wp-content\themes\gym-fitness\front-page.php on line 31
[24-Jul-2020 12:46:02 UTC] PHP Notice:  Trying to access array offset on value of type null in C:\xampp\htdocs\project\wordpress\Gym-Fitness\wp-content\themes\gym-fitness\front-page.php on line 34
[24-Jul-2020 12:46:02 UTC] PHP Notice:  Trying to access array offset on value of type null in C:\xampp\htdocs\project\wordpress\Gym-Fitness\wp-content\themes\gym-fitness\front-page.php on line 39
[24-Jul-2020 12:46:02 UTC] PHP Notice:  Trying to access array offset on value of type bool in C:\xampp\htdocs\project\wordpress\Gym-Fitness\wp-content\themes\gym-fitness\front-page.php on line 39
[24-Jul-2020 12:46:02 UTC] PHP Notice:  Trying to access array offset on value of type null in C:\xampp\htdocs\project\wordpress\Gym-Fitness\wp-content\themes\gym-fitness\front-page.php on line 42
[24-Jul-2020 12:46:04 UTC] PHP Warning:  Illegal string offset 'url' in C:\xampp\htdocs\project\wordpress\Gym-Fitness\wp-content\themes\gym-fitness\functions.php on line 88
[24-Jul-2020 12:46:07 UTC] PHP Warning:  Illegal string offset 'url' in C:\xampp\htdocs\project\wordpress\Gym-Fitness\wp-content\themes\gym-fitness\functions.php on line 88
[24-Jul-2020 12:46:07 UTC] PHP Notice:  Trying to access array offset on value of type null in C:\xampp\htdocs\project\wordpress\Gym-Fitness\wp-content\themes\gym-fitness\front-page.php on line 15
[24-Jul-2020 12:46:07 UTC] PHP Notice:  Trying to access array offset on value of type bool in C:\xampp\htdocs\project\wordpress\Gym-Fitness\wp-content\themes\gym-fitness\front-page.php on line 15
[24-Jul-2020 12:46:07 UTC] PHP Notice:  Trying to access array offset on value of type null in C:\xampp\htdocs\project\wordpress\Gym-Fitness\wp-content\themes\gym-fitness\front-page.php on line 18
[24-Jul-2020 12:46:07 UTC] PHP Notice:  Trying to access array offset on value of type null in C:\xampp\htdocs\project\wordpress\Gym-Fitness\wp-content\themes\gym-fitness\front-page.php on line 23
[24-Jul-2020 12:46:07 UTC] PHP Notice:  Trying to access array offset on value of type bool in C:\xampp\htdocs\project\wordpress\Gym-Fitness\wp-content\themes\gym-fitness\front-page.php on line 23
[24-Jul-2020 12:46:07 UTC] PHP Notice:  Trying to access array offset on value of type null in C:\xampp\htdocs\project\wordpress\Gym-Fitness\wp-content\themes\gym-fitness\front-page.php on line 26
[24-Jul-2020 12:46:07 UTC] PHP Notice:  Trying to access array offset on value of type null in C:\xampp\htdocs\project\wordpress\Gym-Fitness\wp-content\themes\gym-fitness\front-page.php on line 31
[24-Jul-2020 12:46:07 UTC] PHP Notice:  Trying to access array offset on value of type bool in C:\xampp\htdocs\project\wordpress\Gym-Fitness\wp-content\themes\gym-fitness\front-page.php on line 31
[24-Jul-2020 12:46:07 UTC] PHP Notice:  Trying to access array offset on value of type null in C:\xampp\htdocs\project\wordpress\Gym-Fitness\wp-content\themes\gym-fitness\front-page.php on line 34
[24-Jul-2020 12:46:07 UTC] PHP Notice:  Trying to access array offset on value of type null in C:\xampp\htdocs\project\wordpress\Gym-Fitness\wp-content\themes\gym-fitness\front-page.php on line 39
[24-Jul-2020 12:46:07 UTC] PHP Notice:  Trying to access array offset on value of type bool in C:\xampp\htdocs\project\wordpress\Gym-Fitness\wp-content\themes\gym-fitness\front-page.php on line 39
[24-Jul-2020 12:46:07 UTC] PHP Notice:  Trying to access array offset on value of type null in C:\xampp\htdocs\project\wordpress\Gym-Fitness\wp-content\themes\gym-fitness\front-page.php on line 42
[24-Jul-2020 12:46:23 UTC] PHP Warning:  Illegal string offset 'url' in C:\xampp\htdocs\project\wordpress\Gym-Fitness\wp-content\themes\gym-fitness\functions.php on line 88
[24-Jul-2020 12:46:53 UTC] PHP Warning:  Illegal string offset 'url' in C:\xampp\htdocs\project\wordpress\Gym-Fitness\wp-content\themes\gym-fitness\functions.php on line 88
[24-Jul-2020 12:46:54 UTC] PHP Warning:  Illegal string offset 'url' in C:\xampp\htdocs\project\wordpress\Gym-Fitness\wp-content\themes\gym-fitness\functions.php on line 88
[24-Jul-2020 12:46:56 UTC] PHP Warning:  Illegal string offset 'url' in C:\xampp\htdocs\project\wordpress\Gym-Fitness\wp-content\themes\gym-fitness\functions.php on line 88
[24-Jul-2020 12:46:59 UTC] PHP Warning:  Illegal string offset 'url' in C:\xampp\htdocs\project\wordpress\Gym-Fitness\wp-content\themes\gym-fitness\functions.php on line 88
[24-Jul-2020 12:47:00 UTC] PHP Warning:  Illegal string offset 'url' in C:\xampp\htdocs\project\wordpress\Gym-Fitness\wp-content\themes\gym-fitness\functions.php on line 88
[24-Jul-2020 12:47:00 UTC] PHP Notice:  Trying to access array offset on value of type null in C:\xampp\htdocs\project\wordpress\Gym-Fitness\wp-content\themes\gym-fitness\front-page.php on line 15
[24-Jul-2020 12:47:00 UTC] PHP Notice:  Trying to access array offset on value of type bool in C:\xampp\htdocs\project\wordpress\Gym-Fitness\wp-content\themes\gym-fitness\front-page.php on line 15
[24-Jul-2020 12:47:00 UTC] PHP Notice:  Trying to access array offset on value of type null in C:\xampp\htdocs\project\wordpress\Gym-Fitness\wp-content\themes\gym-fitness\front-page.php on line 18
[24-Jul-2020 12:47:00 UTC] PHP Notice:  Trying to access array offset on value of type null in C:\xampp\htdocs\project\wordpress\Gym-Fitness\wp-content\themes\gym-fitness\front-page.php on line 23
[24-Jul-2020 12:47:00 UTC] PHP Notice:  Trying to access array offset on value of type bool in C:\xampp\htdocs\project\wordpress\Gym-Fitness\wp-content\themes\gym-fitness\front-page.php on line 23
[24-Jul-2020 12:47:00 UTC] PHP Notice:  Trying to access array offset on value of type null in C:\xampp\htdocs\project\wordpress\Gym-Fitness\wp-content\themes\gym-fitness\front-page.php on line 26
[24-Jul-2020 12:47:00 UTC] PHP Notice:  Trying to access array offset on value of type null in C:\xampp\htdocs\project\wordpress\Gym-Fitness\wp-content\themes\gym-fitness\front-page.php on line 31
[24-Jul-2020 12:47:00 UTC] PHP Notice:  Trying to access array offset on value of type bool in C:\xampp\htdocs\project\wordpress\Gym-Fitness\wp-content\themes\gym-fitness\front-page.php on line 31
[24-Jul-2020 12:47:00 UTC] PHP Notice:  Trying to access array offset on value of type null in C:\xampp\htdocs\project\wordpress\Gym-Fitness\wp-content\themes\gym-fitness\front-page.php on line 34
[24-Jul-2020 12:47:00 UTC] PHP Notice:  Trying to access array offset on value of type null in C:\xampp\htdocs\project\wordpress\Gym-Fitness\wp-content\themes\gym-fitness\front-page.php on line 39
[24-Jul-2020 12:47:00 UTC] PHP Notice:  Trying to access array offset on value of type bool in C:\xampp\htdocs\project\wordpress\Gym-Fitness\wp-content\themes\gym-fitness\front-page.php on line 39
[24-Jul-2020 12:47:00 UTC] PHP Notice:  Trying to access array offset on value of type null in C:\xampp\htdocs\project\wordpress\Gym-Fitness\wp-content\themes\gym-fitness\front-page.php on line 42
[24-Jul-2020 12:47:01 UTC] PHP Warning:  Illegal string offset 'url' in C:\xampp\htdocs\project\wordpress\Gym-Fitness\wp-content\themes\gym-fitness\functions.php on line 88
[24-Jul-2020 12:47:02 UTC] PHP Warning:  Illegal string offset 'url' in C:\xampp\htdocs\project\wordpress\Gym-Fitness\wp-content\themes\gym-fitness\functions.php on line 88
[24-Jul-2020 12:47:02 UTC] PHP Notice:  Trying to access array offset on value of type null in C:\xampp\htdocs\project\wordpress\Gym-Fitness\wp-content\themes\gym-fitness\front-page.php on line 15
[24-Jul-2020 12:47:02 UTC] PHP Notice:  Trying to access array offset on value of type bool in C:\xampp\htdocs\project\wordpress\Gym-Fitness\wp-content\themes\gym-fitness\front-page.php on line 15
[24-Jul-2020 12:47:02 UTC] PHP Notice:  Trying to access array offset on value of type null in C:\xampp\htdocs\project\wordpress\Gym-Fitness\wp-content\themes\gym-fitness\front-page.php on line 18
[24-Jul-2020 12:47:02 UTC] PHP Notice:  Trying to access array offset on value of type null in C:\xampp\htdocs\project\wordpress\Gym-Fitness\wp-content\themes\gym-fitness\front-page.php on line 23
[24-Jul-2020 12:47:02 UTC] PHP Notice:  Trying to access array offset on value of type bool in C:\xampp\htdocs\project\wordpress\Gym-Fitness\wp-content\themes\gym-fitness\front-page.php on line 23
[24-Jul-2020 12:47:02 UTC] PHP Notice:  Trying to access array offset on value of type null in C:\xampp\htdocs\project\wordpress\Gym-Fitness\wp-content\themes\gym-fitness\front-page.php on line 26
[24-Jul-2020 12:47:02 UTC] PHP Notice:  Trying to access array offset on value of type null in C:\xampp\htdocs\project\wordpress\Gym-Fitness\wp-content\themes\gym-fitness\front-page.php on line 31
[24-Jul-2020 12:47:02 UTC] PHP Notice:  Trying to access array offset on value of type bool in C:\xampp\htdocs\project\wordpress\Gym-Fitness\wp-content\themes\gym-fitness\front-page.php on line 31
[24-Jul-2020 12:47:02 UTC] PHP Notice:  Trying to access array offset on value of type null in C:\xampp\htdocs\project\wordpress\Gym-Fitness\wp-content\themes\gym-fitness\front-page.php on line 34
[24-Jul-2020 12:47:02 UTC] PHP Notice:  Trying to access array offset on value of type null in C:\xampp\htdocs\project\wordpress\Gym-Fitness\wp-content\themes\gym-fitness\front-page.php on line 39
[24-Jul-2020 12:47:02 UTC] PHP Notice:  Trying to access array offset on value of type bool in C:\xampp\htdocs\project\wordpress\Gym-Fitness\wp-content\themes\gym-fitness\front-page.php on line 39
[24-Jul-2020 12:47:02 UTC] PHP Notice:  Trying to access array offset on value of type null in C:\xampp\htdocs\project\wordpress\Gym-Fitness\wp-content\themes\gym-fitness\front-page.php on line 42
[24-Jul-2020 12:47:48 UTC] PHP Warning:  Illegal string offset 'url' in C:\xampp\htdocs\project\wordpress\Gym-Fitness\wp-content\themes\gym-fitness\functions.php on line 88
[24-Jul-2020 12:47:58 UTC] PHP Warning:  Illegal string offset 'url' in C:\xampp\htdocs\project\wordpress\Gym-Fitness\wp-content\themes\gym-fitness\functions.php on line 88
[24-Jul-2020 12:48:00 UTC] PHP Notice:  Trying to access array offset on value of type int in C:\xampp\htdocs\project\wordpress\Gym-Fitness\wp-content\themes\gym-fitness\functions.php on line 88
[24-Jul-2020 12:48:02 UTC] PHP Notice:  Trying to access array offset on value of type int in C:\xampp\htdocs\project\wordpress\Gym-Fitness\wp-content\themes\gym-fitness\functions.php on line 88
[24-Jul-2020 12:48:03 UTC] PHP Notice:  Trying to access array offset on value of type int in C:\xampp\htdocs\project\wordpress\Gym-Fitness\wp-content\themes\gym-fitness\functions.php on line 88
[24-Jul-2020 12:48:03 UTC] PHP Notice:  Trying to access array offset on value of type int in C:\xampp\htdocs\project\wordpress\Gym-Fitness\wp-content\themes\gym-fitness\functions.php on line 88
[24-Jul-2020 12:48:04 UTC] PHP Notice:  Trying to access array offset on value of type int in C:\xampp\htdocs\project\wordpress\Gym-Fitness\wp-content\themes\gym-fitness\functions.php on line 88
[24-Jul-2020 12:48:08 UTC] PHP Notice:  Trying to access array offset on value of type int in C:\xampp\htdocs\project\wordpress\Gym-Fitness\wp-content\themes\gym-fitness\functions.php on line 88
[24-Jul-2020 12:48:08 UTC] PHP Notice:  Trying to access array offset on value of type null in C:\xampp\htdocs\project\wordpress\Gym-Fitness\wp-content\themes\gym-fitness\front-page.php on line 15
[24-Jul-2020 12:48:08 UTC] PHP Notice:  Trying to access array offset on value of type bool in C:\xampp\htdocs\project\wordpress\Gym-Fitness\wp-content\themes\gym-fitness\front-page.php on line 15
[24-Jul-2020 12:48:08 UTC] PHP Notice:  Trying to access array offset on value of type null in C:\xampp\htdocs\project\wordpress\Gym-Fitness\wp-content\themes\gym-fitness\front-page.php on line 18
[24-Jul-2020 12:48:08 UTC] PHP Notice:  Trying to access array offset on value of type null in C:\xampp\htdocs\project\wordpress\Gym-Fitness\wp-content\themes\gym-fitness\front-page.php on line 23
[24-Jul-2020 12:48:08 UTC] PHP Notice:  Trying to access array offset on value of type bool in C:\xampp\htdocs\project\wordpress\Gym-Fitness\wp-content\themes\gym-fitness\front-page.php on line 23
[24-Jul-2020 12:48:08 UTC] PHP Notice:  Trying to access array offset on value of type null in C:\xampp\htdocs\project\wordpress\Gym-Fitness\wp-content\themes\gym-fitness\front-page.php on line 26
[24-Jul-2020 12:48:08 UTC] PHP Notice:  Trying to access array offset on value of type null in C:\xampp\htdocs\project\wordpress\Gym-Fitness\wp-content\themes\gym-fitness\front-page.php on line 31
[24-Jul-2020 12:48:08 UTC] PHP Notice:  Trying to access array offset on value of type bool in C:\xampp\htdocs\project\wordpress\Gym-Fitness\wp-content\themes\gym-fitness\front-page.php on line 31
[24-Jul-2020 12:48:08 UTC] PHP Notice:  Trying to access array offset on value of type null in C:\xampp\htdocs\project\wordpress\Gym-Fitness\wp-content\themes\gym-fitness\front-page.php on line 34
[24-Jul-2020 12:48:08 UTC] PHP Notice:  Trying to access array offset on value of type null in C:\xampp\htdocs\project\wordpress\Gym-Fitness\wp-content\themes\gym-fitness\front-page.php on line 39
[24-Jul-2020 12:48:08 UTC] PHP Notice:  Trying to access array offset on value of type bool in C:\xampp\htdocs\project\wordpress\Gym-Fitness\wp-content\themes\gym-fitness\front-page.php on line 39
[24-Jul-2020 12:48:08 UTC] PHP Notice:  Trying to access array offset on value of type null in C:\xampp\htdocs\project\wordpress\Gym-Fitness\wp-content\themes\gym-fitness\front-page.php on line 42
[24-Jul-2020 12:48:10 UTC] PHP Notice:  Trying to access array offset on value of type int in C:\xampp\htdocs\project\wordpress\Gym-Fitness\wp-content\themes\gym-fitness\functions.php on line 88
[24-Jul-2020 12:48:10 UTC] PHP Notice:  Trying to access array offset on value of type null in C:\xampp\htdocs\project\wordpress\Gym-Fitness\wp-content\themes\gym-fitness\front-page.php on line 15
[24-Jul-2020 12:48:10 UTC] PHP Notice:  Trying to access array offset on value of type bool in C:\xampp\htdocs\project\wordpress\Gym-Fitness\wp-content\themes\gym-fitness\front-page.php on line 15
[24-Jul-2020 12:48:10 UTC] PHP Notice:  Trying to access array offset on value of type null in C:\xampp\htdocs\project\wordpress\Gym-Fitness\wp-content\themes\gym-fitness\front-page.php on line 18
[24-Jul-2020 12:48:10 UTC] PHP Notice:  Trying to access array offset on value of type null in C:\xampp\htdocs\project\wordpress\Gym-Fitness\wp-content\themes\gym-fitness\front-page.php on line 23
[24-Jul-2020 12:48:10 UTC] PHP Notice:  Trying to access array offset on value of type bool in C:\xampp\htdocs\project\wordpress\Gym-Fitness\wp-content\themes\gym-fitness\front-page.php on line 23
[24-Jul-2020 12:48:10 UTC] PHP Notice:  Trying to access array offset on value of type null in C:\xampp\htdocs\project\wordpress\Gym-Fitness\wp-content\themes\gym-fitness\front-page.php on line 26
[24-Jul-2020 12:48:10 UTC] PHP Notice:  Trying to access array offset on value of type null in C:\xampp\htdocs\project\wordpress\Gym-Fitness\wp-content\themes\gym-fitness\front-page.php on line 31
[24-Jul-2020 12:48:10 UTC] PHP Notice:  Trying to access array offset on value of type bool in C:\xampp\htdocs\project\wordpress\Gym-Fitness\wp-content\themes\gym-fitness\front-page.php on line 31
[24-Jul-2020 12:48:10 UTC] PHP Notice:  Trying to access array offset on value of type null in C:\xampp\htdocs\project\wordpress\Gym-Fitness\wp-content\themes\gym-fitness\front-page.php on line 34
[24-Jul-2020 12:48:10 UTC] PHP Notice:  Trying to access array offset on value of type null in C:\xampp\htdocs\project\wordpress\Gym-Fitness\wp-content\themes\gym-fitness\front-page.php on line 39
[24-Jul-2020 12:48:10 UTC] PHP Notice:  Trying to access array offset on value of type bool in C:\xampp\htdocs\project\wordpress\Gym-Fitness\wp-content\themes\gym-fitness\front-page.php on line 39
[24-Jul-2020 12:48:10 UTC] PHP Notice:  Trying to access array offset on value of type null in C:\xampp\htdocs\project\wordpress\Gym-Fitness\wp-content\themes\gym-fitness\front-page.php on line 42
[24-Jul-2020 12:49:05 UTC] PHP Notice:  Trying to access array offset on value of type int in C:\xampp\htdocs\project\wordpress\Gym-Fitness\wp-content\themes\gym-fitness\functions.php on line 88
[24-Jul-2020 12:49:20 UTC] PHP Notice:  Trying to access array offset on value of type int in C:\xampp\htdocs\project\wordpress\Gym-Fitness\wp-content\themes\gym-fitness\functions.php on line 88
[24-Jul-2020 12:49:28 UTC] PHP Notice:  Trying to access array offset on value of type int in C:\xampp\htdocs\project\wordpress\Gym-Fitness\wp-content\themes\gym-fitness\functions.php on line 88
[24-Jul-2020 12:49:36 UTC] PHP Notice:  Trying to access array offset on value of type null in C:\xampp\htdocs\project\wordpress\Gym-Fitness\wp-content\themes\gym-fitness\front-page.php on line 15
[24-Jul-2020 12:49:36 UTC] PHP Notice:  Trying to access array offset on value of type bool in C:\xampp\htdocs\project\wordpress\Gym-Fitness\wp-content\themes\gym-fitness\front-page.php on line 15
[24-Jul-2020 12:49:36 UTC] PHP Notice:  Trying to access array offset on value of type null in C:\xampp\htdocs\project\wordpress\Gym-Fitness\wp-content\themes\gym-fitness\front-page.php on line 18
[24-Jul-2020 12:49:36 UTC] PHP Notice:  Trying to access array offset on value of type null in C:\xampp\htdocs\project\wordpress\Gym-Fitness\wp-content\themes\gym-fitness\front-page.php on line 23
[24-Jul-2020 12:49:36 UTC] PHP Notice:  Trying to access array offset on value of type bool in C:\xampp\htdocs\project\wordpress\Gym-Fitness\wp-content\themes\gym-fitness\front-page.php on line 23
[24-Jul-2020 12:49:36 UTC] PHP Notice:  Trying to access array offset on value of type null in C:\xampp\htdocs\project\wordpress\Gym-Fitness\wp-content\themes\gym-fitness\front-page.php on line 26
[24-Jul-2020 12:49:36 UTC] PHP Notice:  Trying to access array offset on value of type null in C:\xampp\htdocs\project\wordpress\Gym-Fitness\wp-content\themes\gym-fitness\front-page.php on line 31
[24-Jul-2020 12:49:36 UTC] PHP Notice:  Trying to access array offset on value of type bool in C:\xampp\htdocs\project\wordpress\Gym-Fitness\wp-content\themes\gym-fitness\front-page.php on line 31
[24-Jul-2020 12:49:36 UTC] PHP Notice:  Trying to access array offset on value of type null in C:\xampp\htdocs\project\wordpress\Gym-Fitness\wp-content\themes\gym-fitness\front-page.php on line 34
[24-Jul-2020 12:49:36 UTC] PHP Notice:  Trying to access array offset on value of type null in C:\xampp\htdocs\project\wordpress\Gym-Fitness\wp-content\themes\gym-fitness\front-page.php on line 39
[24-Jul-2020 12:49:36 UTC] PHP Notice:  Trying to access array offset on value of type bool in C:\xampp\htdocs\project\wordpress\Gym-Fitness\wp-content\themes\gym-fitness\front-page.php on line 39
[24-Jul-2020 12:49:36 UTC] PHP Notice:  Trying to access array offset on value of type null in C:\xampp\htdocs\project\wordpress\Gym-Fitness\wp-content\themes\gym-fitness\front-page.php on line 42
[24-Jul-2020 12:58:44 UTC] PHP Warning:  Illegal string offset 'area_image_1' in C:\xampp\htdocs\project\wordpress\Gym-Fitness\wp-content\themes\gym-fitness\front-page.php on line 15
[24-Jul-2020 12:58:44 UTC] PHP Notice:  Trying to access array offset on value of type bool in C:\xampp\htdocs\project\wordpress\Gym-Fitness\wp-content\themes\gym-fitness\front-page.php on line 15
[24-Jul-2020 12:58:44 UTC] PHP Warning:  Illegal string offset 'area_content' in C:\xampp\htdocs\project\wordpress\Gym-Fitness\wp-content\themes\gym-fitness\front-page.php on line 18
[24-Jul-2020 12:58:44 UTC] PHP Warning:  Illegal string offset 'area_image_2' in C:\xampp\htdocs\project\wordpress\Gym-Fitness\wp-content\themes\gym-fitness\front-page.php on line 23
[24-Jul-2020 12:58:44 UTC] PHP Notice:  Trying to access array offset on value of type bool in C:\xampp\htdocs\project\wordpress\Gym-Fitness\wp-content\themes\gym-fitness\front-page.php on line 23
[24-Jul-2020 12:58:44 UTC] PHP Warning:  Illegal string offset 'area_content' in C:\xampp\htdocs\project\wordpress\Gym-Fitness\wp-content\themes\gym-fitness\front-page.php on line 26
[24-Jul-2020 12:58:44 UTC] PHP Warning:  Illegal string offset 'area_image_3' in C:\xampp\htdocs\project\wordpress\Gym-Fitness\wp-content\themes\gym-fitness\front-page.php on line 31
[24-Jul-2020 12:58:44 UTC] PHP Notice:  Trying to access array offset on value of type bool in C:\xampp\htdocs\project\wordpress\Gym-Fitness\wp-content\themes\gym-fitness\front-page.php on line 31
[24-Jul-2020 12:58:44 UTC] PHP Warning:  Illegal string offset 'area_content' in C:\xampp\htdocs\project\wordpress\Gym-Fitness\wp-content\themes\gym-fitness\front-page.php on line 34
[24-Jul-2020 12:58:44 UTC] PHP Warning:  Illegal string offset 'area_image_4' in C:\xampp\htdocs\project\wordpress\Gym-Fitness\wp-content\themes\gym-fitness\front-page.php on line 39
[24-Jul-2020 12:58:44 UTC] PHP Notice:  Trying to access array offset on value of type bool in C:\xampp\htdocs\project\wordpress\Gym-Fitness\wp-content\themes\gym-fitness\front-page.php on line 39
[24-Jul-2020 12:58:44 UTC] PHP Warning:  Illegal string offset 'area_content' in C:\xampp\htdocs\project\wordpress\Gym-Fitness\wp-content\themes\gym-fitness\front-page.php on line 42
[24-Jul-2020 13:03:39 UTC] PHP Warning:  Illegal string offset 'area_image' in C:\xampp\htdocs\project\wordpress\Gym-Fitness\wp-content\themes\gym-fitness\front-page.php on line 15
[24-Jul-2020 13:03:39 UTC] PHP Notice:  Trying to access array offset on value of type bool in C:\xampp\htdocs\project\wordpress\Gym-Fitness\wp-content\themes\gym-fitness\front-page.php on line 15
[24-Jul-2020 13:03:39 UTC] PHP Warning:  Illegal string offset 'area_content' in C:\xampp\htdocs\project\wordpress\Gym-Fitness\wp-content\themes\gym-fitness\front-page.php on line 18
[24-Jul-2020 13:03:39 UTC] PHP Warning:  Illegal string offset 'area_image' in C:\xampp\htdocs\project\wordpress\Gym-Fitness\wp-content\themes\gym-fitness\front-page.php on line 23
[24-Jul-2020 13:03:39 UTC] PHP Notice:  Trying to access array offset on value of type bool in C:\xampp\htdocs\project\wordpress\Gym-Fitness\wp-content\themes\gym-fitness\front-page.php on line 23
[24-Jul-2020 13:03:39 UTC] PHP Warning:  Illegal string offset 'area_content' in C:\xampp\htdocs\project\wordpress\Gym-Fitness\wp-content\themes\gym-fitness\front-page.php on line 26
[24-Jul-2020 13:03:39 UTC] PHP Warning:  Illegal string offset 'area_image' in C:\xampp\htdocs\project\wordpress\Gym-Fitness\wp-content\themes\gym-fitness\front-page.php on line 31
[24-Jul-2020 13:03:39 UTC] PHP Notice:  Trying to access array offset on value of type bool in C:\xampp\htdocs\project\wordpress\Gym-Fitness\wp-content\themes\gym-fitness\front-page.php on line 31
[24-Jul-2020 13:03:39 UTC] PHP Warning:  Illegal string offset 'area_content' in C:\xampp\htdocs\project\wordpress\Gym-Fitness\wp-content\themes\gym-fitness\front-page.php on line 34
[24-Jul-2020 13:03:39 UTC] PHP Warning:  Illegal string offset 'area_image' in C:\xampp\htdocs\project\wordpress\Gym-Fitness\wp-content\themes\gym-fitness\front-page.php on line 39
[24-Jul-2020 13:03:39 UTC] PHP Notice:  Trying to access array offset on value of type bool in C:\xampp\htdocs\project\wordpress\Gym-Fitness\wp-content\themes\gym-fitness\front-page.php on line 39
[24-Jul-2020 13:03:39 UTC] PHP Warning:  Illegal string offset 'area_content' in C:\xampp\htdocs\project\wordpress\Gym-Fitness\wp-content\themes\gym-fitness\front-page.php on line 42
[24-Jul-2020 13:04:45 UTC] PHP Warning:  Illegal string offset 'area_image' in C:\xampp\htdocs\project\wordpress\Gym-Fitness\wp-content\themes\gym-fitness\front-page.php on line 15
[24-Jul-2020 13:04:45 UTC] PHP Notice:  Trying to access array offset on value of type bool in C:\xampp\htdocs\project\wordpress\Gym-Fitness\wp-content\themes\gym-fitness\front-page.php on line 15
[24-Jul-2020 13:04:45 UTC] PHP Warning:  Illegal string offset 'area_content' in C:\xampp\htdocs\project\wordpress\Gym-Fitness\wp-content\themes\gym-fitness\front-page.php on line 18
[24-Jul-2020 13:04:45 UTC] PHP Warning:  Illegal string offset 'area_image' in C:\xampp\htdocs\project\wordpress\Gym-Fitness\wp-content\themes\gym-fitness\front-page.php on line 23
[24-Jul-2020 13:04:45 UTC] PHP Notice:  Trying to access array offset on value of type bool in C:\xampp\htdocs\project\wordpress\Gym-Fitness\wp-content\themes\gym-fitness\front-page.php on line 23
[24-Jul-2020 13:04:45 UTC] PHP Warning:  Illegal string offset 'area_content' in C:\xampp\htdocs\project\wordpress\Gym-Fitness\wp-content\themes\gym-fitness\front-page.php on line 26
[24-Jul-2020 13:04:45 UTC] PHP Warning:  Illegal string offset 'area_image' in C:\xampp\htdocs\project\wordpress\Gym-Fitness\wp-content\themes\gym-fitness\front-page.php on line 31
[24-Jul-2020 13:04:45 UTC] PHP Notice:  Trying to access array offset on value of type bool in C:\xampp\htdocs\project\wordpress\Gym-Fitness\wp-content\themes\gym-fitness\front-page.php on line 31
[24-Jul-2020 13:04:45 UTC] PHP Warning:  Illegal string offset 'area_content' in C:\xampp\htdocs\project\wordpress\Gym-Fitness\wp-content\themes\gym-fitness\front-page.php on line 34
[24-Jul-2020 13:04:45 UTC] PHP Warning:  Illegal string offset 'area_image' in C:\xampp\htdocs\project\wordpress\Gym-Fitness\wp-content\themes\gym-fitness\front-page.php on line 39
[24-Jul-2020 13:04:45 UTC] PHP Notice:  Trying to access array offset on value of type bool in C:\xampp\htdocs\project\wordpress\Gym-Fitness\wp-content\themes\gym-fitness\front-page.php on line 39
[24-Jul-2020 13:04:45 UTC] PHP Warning:  Illegal string offset 'area_content' in C:\xampp\htdocs\project\wordpress\Gym-Fitness\wp-content\themes\gym-fitness\front-page.php on line 42
